[3.412s] Invoking command in '/home/pi/ROS2-SLAM-PROJECT/ros2_ws/src/my_robot_controller': PYTHONPATH=/home/pi/ROS2-SLAM-PROJECT/ros2_ws/build/my_robot_controller/prefix_override:/usr/lib/python3/dist-packages/colcon_core/task/python/colcon_distutils_commands:/home/pi/ROS2-SLAM-PROJECT/ros2_ws/install/my_robot_controller/lib/python3.10/site-packages:${PYTHONPATH} /usr/bin/python3 -W ignore:setup.py install is deprecated setup.py egg_info --egg-base ../../build/my_robot_controller build --build-base /home/pi/ROS2-SLAM-PROJECT/ros2_ws/build/my_robot_controller/build install --record /home/pi/ROS2-SLAM-PROJECT/ros2_ws/build/my_robot_controller/install.log --single-version-externally-managed install_data
[4.528s] running egg_info
[4.531s] writing ../../build/my_robot_controller/my_robot_controller.egg-info/PKG-INFO
[4.532s] writing dependency_links to ../../build/my_robot_controller/my_robot_controller.egg-info/dependency_links.txt
[4.533s] writing entry points to ../../build/my_robot_controller/my_robot_controller.egg-info/entry_points.txt
[4.534s] writing requirements to ../../build/my_robot_controller/my_robot_controller.egg-info/requires.txt
[4.535s] writing top-level names to ../../build/my_robot_controller/my_robot_controller.egg-info/top_level.txt
[4.543s] reading manifest file '../../build/my_robot_controller/my_robot_controller.egg-info/SOURCES.txt'
[4.585s] writing manifest file '../../build/my_robot_controller/my_robot_controller.egg-info/SOURCES.txt'
[4.586s] running build
[4.586s] running build_py
[4.588s] copying my_robot_controller/toggle_gpio.py -> /home/pi/ROS2-SLAM-PROJECT/ros2_ws/build/my_robot_controller/build/lib/my_robot_controller
[4.590s] running install
[4.592s] running install_lib
[4.596s] copying /home/pi/ROS2-SLAM-PROJECT/ros2_ws/build/my_robot_controller/build/lib/my_robot_controller/toggle_gpio.py -> /home/pi/ROS2-SLAM-PROJECT/ros2_ws/install/my_robot_controller/lib/python3.10/site-packages/my_robot_controller
[4.599s] byte-compiling /home/pi/ROS2-SLAM-PROJECT/ros2_ws/install/my_robot_controller/lib/python3.10/site-packages/my_robot_controller/toggle_gpio.py to toggle_gpio.cpython-310.pyc
[4.603s] running install_data
[4.604s] running install_egg_info
[4.610s] removing '/home/pi/ROS2-SLAM-PROJECT/ros2_ws/install/my_robot_controller/lib/python3.10/site-packages/my_robot_controller-0.0.0-py3.10.egg-info' (and everything under it)
[4.612s] Copying ../../build/my_robot_controller/my_robot_controller.egg-info to /home/pi/ROS2-SLAM-PROJECT/ros2_ws/install/my_robot_controller/lib/python3.10/site-packages/my_robot_controller-0.0.0-py3.10.egg-info
[4.636s] running install_scripts
[4.724s] Installing test_node script to /home/pi/ROS2-SLAM-PROJECT/ros2_ws/install/my_robot_controller/lib/my_robot_controller
[4.725s] Installing toggle_gpio script to /home/pi/ROS2-SLAM-PROJECT/ros2_ws/install/my_robot_controller/lib/my_robot_controller
[4.727s] writing list of installed files to '/home/pi/ROS2-SLAM-PROJECT/ros2_ws/build/my_robot_controller/install.log'
[4.866s] Invoked command in '/home/pi/ROS2-SLAM-PROJECT/ros2_ws/src/my_robot_controller' returned '0': PYTHONPATH=/home/pi/ROS2-SLAM-PROJECT/ros2_ws/build/my_robot_controller/prefix_override:/usr/lib/python3/dist-packages/colcon_core/task/python/colcon_distutils_commands:/home/pi/ROS2-SLAM-PROJECT/ros2_ws/install/my_robot_controller/lib/python3.10/site-packages:${PYTHONPATH} /usr/bin/python3 -W ignore:setup.py install is deprecated setup.py egg_info --egg-base ../../build/my_robot_controller build --build-base /home/pi/ROS2-SLAM-PROJECT/ros2_ws/build/my_robot_controller/build install --record /home/pi/ROS2-SLAM-PROJECT/ros2_ws/build/my_robot_controller/install.log --single-version-externally-managed install_data
