running egg_info
writing ../../../build/ros2_robot_package/ros2_robot_package.egg-info/PKG-INFO
writing dependency_links to ../../../build/ros2_robot_package/ros2_robot_package.egg-info/dependency_links.txt
writing entry points to ../../../build/ros2_robot_package/ros2_robot_package.egg-info/entry_points.txt
writing requirements to ../../../build/ros2_robot_package/ros2_robot_package.egg-info/requires.txt
writing top-level names to ../../../build/ros2_robot_package/ros2_robot_package.egg-info/top_level.txt
reading manifest file '../../../build/ros2_robot_package/ros2_robot_package.egg-info/SOURCES.txt'
writing manifest file '../../../build/ros2_robot_package/ros2_robot_package.egg-info/SOURCES.txt'
running build
running build_py
running install
running install_lib
running install_data
copying package.xml -> /home/pi/ros2_ws/install/ros2_robot_package/share/ros2_robot_package
running install_egg_info
removing '/home/pi/ros2_ws/install/ros2_robot_package/lib/python3.10/site-packages/ros2_robot_package-0.0.0-py3.10.egg-info' (and everything under it)
Copying ../../../build/ros2_robot_package/ros2_robot_package.egg-info to /home/pi/ros2_ws/install/ros2_robot_package/lib/python3.10/site-packages/ros2_robot_package-0.0.0-py3.10.egg-info
running install_scripts
Installing camera_publisher script to /home/pi/ros2_ws/install/ros2_robot_package/lib/ros2_robot_package
Installing encoder_publisher script to /home/pi/ros2_ws/install/ros2_robot_package/lib/ros2_robot_package
Installing motor_control script to /home/pi/ros2_ws/install/ros2_robot_package/lib/ros2_robot_package
Installing velocity_computation script to /home/pi/ros2_ws/install/ros2_robot_package/lib/ros2_robot_package
writing list of installed files to '/home/pi/ros2_ws/build/ros2_robot_package/install.log'
