[2.838s] Invoking command in '/home/pi/ROS2-SLAM-PROJECT/ros2_ws/src/my_robot_controller': PYTHONPATH=/home/pi/ROS2-SLAM-PROJECT/ros2_ws/build/my_robot_controller/prefix_override:/usr/lib/python3/dist-packages/colcon_core/task/python/colcon_distutils_commands:/home/pi/ROS2-SLAM-PROJECT/ros2_ws/install/my_robot_controller/lib/python3.10/site-packages:${PYTHONPATH} /usr/bin/python3 -W ignore:setup.py install is deprecated setup.py egg_info --egg-base ../../build/my_robot_controller build --build-base /home/pi/ROS2-SLAM-PROJECT/ros2_ws/build/my_robot_controller/build install --record /home/pi/ROS2-SLAM-PROJECT/ros2_ws/build/my_robot_controller/install.log --single-version-externally-managed install_data
[3.929s] running egg_info
[3.932s] writing ../../build/my_robot_controller/my_robot_controller.egg-info/PKG-INFO
[3.934s] writing dependency_links to ../../build/my_robot_controller/my_robot_controller.egg-info/dependency_links.txt
[3.934s] writing entry points to ../../build/my_robot_controller/my_robot_controller.egg-info/entry_points.txt
[3.936s] writing requirements to ../../build/my_robot_controller/my_robot_controller.egg-info/requires.txt
[3.936s] writing top-level names to ../../build/my_robot_controller/my_robot_controller.egg-info/top_level.txt
[3.944s] reading manifest file '../../build/my_robot_controller/my_robot_controller.egg-info/SOURCES.txt'
[3.948s] writing manifest file '../../build/my_robot_controller/my_robot_controller.egg-info/SOURCES.txt'
[3.949s] running build
[3.949s] running build_py
[3.950s] copying my_robot_controller/toggle_gpio.py -> /home/pi/ROS2-SLAM-PROJECT/ros2_ws/build/my_robot_controller/build/lib/my_robot_controller
[3.952s] running install
[3.953s] running install_lib
[3.957s] copying /home/pi/ROS2-SLAM-PROJECT/ros2_ws/build/my_robot_controller/build/lib/my_robot_controller/toggle_gpio.py -> /home/pi/ROS2-SLAM-PROJECT/ros2_ws/install/my_robot_controller/lib/python3.10/site-packages/my_robot_controller
[3.960s] byte-compiling /home/pi/ROS2-SLAM-PROJECT/ros2_ws/install/my_robot_controller/lib/python3.10/site-packages/my_robot_controller/toggle_gpio.py to toggle_gpio.cpython-310.pyc
[3.963s] running install_data
[3.963s] running install_egg_info
[3.970s] removing '/home/pi/ROS2-SLAM-PROJECT/ros2_ws/install/my_robot_controller/lib/python3.10/site-packages/my_robot_controller-0.0.0-py3.10.egg-info' (and everything under it)
[3.972s] Copying ../../build/my_robot_controller/my_robot_controller.egg-info to /home/pi/ROS2-SLAM-PROJECT/ros2_ws/install/my_robot_controller/lib/python3.10/site-packages/my_robot_controller-0.0.0-py3.10.egg-info
[3.978s] running install_scripts
[4.058s] Installing test_node script to /home/pi/ROS2-SLAM-PROJECT/ros2_ws/install/my_robot_controller/lib/my_robot_controller
[4.059s] Installing toggle_gpio script to /home/pi/ROS2-SLAM-PROJECT/ros2_ws/install/my_robot_controller/lib/my_robot_controller
[4.061s] writing list of installed files to '/home/pi/ROS2-SLAM-PROJECT/ros2_ws/build/my_robot_controller/install.log'
[4.178s] Invoked command in '/home/pi/ROS2-SLAM-PROJECT/ros2_ws/src/my_robot_controller' returned '0': PYTHONPATH=/home/pi/ROS2-SLAM-PROJECT/ros2_ws/build/my_robot_controller/prefix_override:/usr/lib/python3/dist-packages/colcon_core/task/python/colcon_distutils_commands:/home/pi/ROS2-SLAM-PROJECT/ros2_ws/install/my_robot_controller/lib/python3.10/site-packages:${PYTHONPATH} /usr/bin/python3 -W ignore:setup.py install is deprecated setup.py egg_info --egg-base ../../build/my_robot_controller build --build-base /home/pi/ROS2-SLAM-PROJECT/ros2_ws/build/my_robot_controller/build install --record /home/pi/ROS2-SLAM-PROJECT/ros2_ws/build/my_robot_controller/install.log --single-version-externally-managed install_data
