[3.080s] Invoking command in '/home/pi/ROS2-SLAM-PROJECT/ros2_ws/src/my_robot_controller': PYTHONPATH=/home/pi/ROS2-SLAM-PROJECT/ros2_ws/build/my_robot_controller/prefix_override:/usr/lib/python3/dist-packages/colcon_core/task/python/colcon_distutils_commands:/home/pi/ROS2-SLAM-PROJECT/ros2_ws/install/my_robot_controller/lib/python3.10/site-packages:${PYTHONPATH} /usr/bin/python3 -W ignore:setup.py install is deprecated setup.py egg_info --egg-base ../../build/my_robot_controller build --build-base /home/pi/ROS2-SLAM-PROJECT/ros2_ws/build/my_robot_controller/build install --record /home/pi/ROS2-SLAM-PROJECT/ros2_ws/build/my_robot_controller/install.log --single-version-externally-managed install_data
[4.177s] running egg_info
[4.180s] writing ../../build/my_robot_controller/my_robot_controller.egg-info/PKG-INFO
[4.181s] writing dependency_links to ../../build/my_robot_controller/my_robot_controller.egg-info/dependency_links.txt
[4.182s] writing entry points to ../../build/my_robot_controller/my_robot_controller.egg-info/entry_points.txt
[4.183s] writing requirements to ../../build/my_robot_controller/my_robot_controller.egg-info/requires.txt
[4.183s] writing top-level names to ../../build/my_robot_controller/my_robot_controller.egg-info/top_level.txt
[4.192s] reading manifest file '../../build/my_robot_controller/my_robot_controller.egg-info/SOURCES.txt'
[4.196s] writing manifest file '../../build/my_robot_controller/my_robot_controller.egg-info/SOURCES.txt'
[4.197s] running build
[4.197s] running build_py
[4.198s] copying my_robot_controller/motor_control.py -> /home/pi/ROS2-SLAM-PROJECT/ros2_ws/build/my_robot_controller/build/lib/my_robot_controller
[4.200s] running install
[4.201s] running install_lib
[4.205s] copying /home/pi/ROS2-SLAM-PROJECT/ros2_ws/build/my_robot_controller/build/lib/my_robot_controller/motor_control.py -> /home/pi/ROS2-SLAM-PROJECT/ros2_ws/install/my_robot_controller/lib/python3.10/site-packages/my_robot_controller
[4.208s] byte-compiling /home/pi/ROS2-SLAM-PROJECT/ros2_ws/install/my_robot_controller/lib/python3.10/site-packages/my_robot_controller/motor_control.py to motor_control.cpython-310.pyc
[4.212s] running install_data
[4.212s] running install_egg_info
[4.219s] removing '/home/pi/ROS2-SLAM-PROJECT/ros2_ws/install/my_robot_controller/lib/python3.10/site-packages/my_robot_controller-0.0.0-py3.10.egg-info' (and everything under it)
[4.221s] Copying ../../build/my_robot_controller/my_robot_controller.egg-info to /home/pi/ROS2-SLAM-PROJECT/ros2_ws/install/my_robot_controller/lib/python3.10/site-packages/my_robot_controller-0.0.0-py3.10.egg-info
[4.227s] running install_scripts
[4.313s] Installing motor_control_node script to /home/pi/ROS2-SLAM-PROJECT/ros2_ws/install/my_robot_controller/lib/my_robot_controller
[4.314s] Installing velocity_computation_node script to /home/pi/ROS2-SLAM-PROJECT/ros2_ws/install/my_robot_controller/lib/my_robot_controller
[4.316s] writing list of installed files to '/home/pi/ROS2-SLAM-PROJECT/ros2_ws/build/my_robot_controller/install.log'
[4.464s] Invoked command in '/home/pi/ROS2-SLAM-PROJECT/ros2_ws/src/my_robot_controller' returned '0': PYTHONPATH=/home/pi/ROS2-SLAM-PROJECT/ros2_ws/build/my_robot_controller/prefix_override:/usr/lib/python3/dist-packages/colcon_core/task/python/colcon_distutils_commands:/home/pi/ROS2-SLAM-PROJECT/ros2_ws/install/my_robot_controller/lib/python3.10/site-packages:${PYTHONPATH} /usr/bin/python3 -W ignore:setup.py install is deprecated setup.py egg_info --egg-base ../../build/my_robot_controller build --build-base /home/pi/ROS2-SLAM-PROJECT/ros2_ws/build/my_robot_controller/build install --record /home/pi/ROS2-SLAM-PROJECT/ros2_ws/build/my_robot_controller/install.log --single-version-externally-managed install_data
