[0.469s] DEBUG:colcon:Command line arguments: ['/usr/bin/colcon', 'build']
[0.469s] DEBUG:colcon:Parsed command line arguments: Namespace(log_base=None, log_level=None, verb_name='build', build_base='build', install_base='install', merge_install=False, symlink_install=False, test_result_base=None, continue_on_error=False, executor='parallel', parallel_workers=4, event_handlers=None, ignore_user_meta=False, metas=['./colcon.meta'], base_paths=['.'], packages_ignore=None, packages_ignore_regex=None, paths=None, packages_up_to=None, packages_up_to_regex=None, packages_above=None, packages_above_and_dependencies=None, packages_above_depth=None, packages_select_by_dep=None, packages_skip_by_dep=None, packages_skip_up_to=None, packages_select_build_failed=False, packages_skip_build_finished=False, packages_select_test_failures=False, packages_skip_test_passed=False, packages_select=None, packages_skip=None, packages_select_regex=None, packages_skip_regex=None, packages_start=None, packages_end=None, allow_overriding=[], cmake_args=None, cmake_target=None, cmake_target_skip_unavailable=False, cmake_clean_cache=False, cmake_clean_first=False, cmake_force_configure=False, ament_cmake_args=None, catkin_cmake_args=None, catkin_skip_building_tests=False, mixin_files=None, mixin=None, verb_parser=<colcon_mixin.mixin.mixin_argument.MixinArgumentDecorator object at 0xffffac3a24a0>, verb_extension=<colcon_core.verb.build.BuildVerb object at 0xffffac4bab60>, main=<bound method BuildVerb.main of <colcon_core.verb.build.BuildVerb object at 0xffffac4bab60>>, mixin_verb=('build',))
[1.344s] Level 1:colcon.colcon_core.package_discovery:discover_packages(colcon_meta) check parameters
[1.344s] Level 1:colcon.colcon_core.package_discovery:discover_packages(recursive) check parameters
[1.344s] Level 1:colcon.colcon_core.package_discovery:discover_packages(ignore) check parameters
[1.344s] Level 1:colcon.colcon_core.package_discovery:discover_packages(path) check parameters
[1.344s] Level 1:colcon.colcon_core.package_discovery:discover_packages(colcon_meta) discover
[1.345s] Level 1:colcon.colcon_core.package_discovery:discover_packages(recursive) discover
[1.345s] INFO:colcon.colcon_core.package_discovery:Crawling recursively for packages in '/home/pi/ros2_ws'
[1.345s] Level 1:colcon.colcon_core.package_identification:_identify(.) by extensions ['ignore', 'ignore_ament_install']
[1.346s] Level 1:colcon.colcon_core.package_identification:_identify(.) by extension 'ignore'
[1.346s] Level 1:colcon.colcon_core.package_identification:_identify(.) by extension 'ignore_ament_install'
[1.346s] Level 1:colcon.colcon_core.package_identification:_identify(.) by extensions ['colcon_pkg']
[1.346s] Level 1:colcon.colcon_core.package_identification:_identify(.) by extension 'colcon_pkg'
[1.346s] Level 1:colcon.colcon_core.package_identification:_identify(.) by extensions ['colcon_meta']
[1.346s] Level 1:colcon.colcon_core.package_identification:_identify(.) by extension 'colcon_meta'
[1.347s] Level 1:colcon.colcon_core.package_identification:_identify(.) by extensions ['ros']
[1.347s] Level 1:colcon.colcon_core.package_identification:_identify(.) by extension 'ros'
[1.393s] Level 1:colcon.colcon_core.package_identification:_identify(.) by extensions ['cmake', 'python']
[1.393s] Level 1:colcon.colcon_core.package_identification:_identify(.) by extension 'cmake'
[1.394s] Level 1:colcon.colcon_core.package_identification:_identify(.) by extension 'python'
[1.394s] Level 1:colcon.colcon_core.package_identification:_identify(.) by extensions ['python_setup_py']
[1.394s] Level 1:colcon.colcon_core.package_identification:_identify(.) by extension 'python_setup_py'
[1.394s] Level 1:colcon.colcon_core.package_identification:_identify(build) by extensions ['ignore', 'ignore_ament_install']
[1.395s] Level 1:colcon.colcon_core.package_identification:_identify(build) by extension 'ignore'
[1.395s] Level 1:colcon.colcon_core.package_identification:_identify(build) ignored
[1.396s] Level 1:colcon.colcon_core.package_identification:_identify(install) by extensions ['ignore', 'ignore_ament_install']
[1.396s] Level 1:colcon.colcon_core.package_identification:_identify(install) by extension 'ignore'
[1.396s] Level 1:colcon.colcon_core.package_identification:_identify(install) ignored
[1.397s] Level 1:colcon.colcon_core.package_identification:_identify(log) by extensions ['ignore', 'ignore_ament_install']
[1.397s] Level 1:colcon.colcon_core.package_identification:_identify(log) by extension 'ignore'
[1.397s] Level 1:colcon.colcon_core.package_identification:_identify(log) ignored
[1.397s] Level 1:colcon.colcon_core.package_identification:_identify(src) by extensions ['ignore', 'ignore_ament_install']
[1.398s] Level 1:colcon.colcon_core.package_identification:_identify(src) by extension 'ignore'
[1.398s] Level 1:colcon.colcon_core.package_identification:_identify(src) by extension 'ignore_ament_install'
[1.398s] Level 1:colcon.colcon_core.package_identification:_identify(src) by extensions ['colcon_pkg']
[1.398s] Level 1:colcon.colcon_core.package_identification:_identify(src) by extension 'colcon_pkg'
[1.398s] Level 1:colcon.colcon_core.package_identification:_identify(src) by extensions ['colcon_meta']
[1.398s] Level 1:colcon.colcon_core.package_identification:_identify(src) by extension 'colcon_meta'
[1.399s] Level 1:colcon.colcon_core.package_identification:_identify(src) by extensions ['ros']
[1.399s] Level 1:colcon.colcon_core.package_identification:_identify(src) by extension 'ros'
[1.399s] Level 1:colcon.colcon_core.package_identification:_identify(src) by extensions ['cmake', 'python']
[1.399s] Level 1:colcon.colcon_core.package_identification:_identify(src) by extension 'cmake'
[1.399s] Level 1:colcon.colcon_core.package_identification:_identify(src) by extension 'python'
[1.399s] Level 1:colcon.colcon_core.package_identification:_identify(src) by extensions ['python_setup_py']
[1.400s] Level 1:colcon.colcon_core.package_identification:_identify(src) by extension 'python_setup_py'
[1.400s] Level 1:colcon.colcon_core.package_identification:_identify(src/ros2_robot_package) by extensions ['ignore', 'ignore_ament_install']
[1.400s] Level 1:colcon.colcon_core.package_identification:_identify(src/ros2_robot_package) by extension 'ignore'
[1.400s] Level 1:colcon.colcon_core.package_identification:_identify(src/ros2_robot_package) by extension 'ignore_ament_install'
[1.401s] Level 1:colcon.colcon_core.package_identification:_identify(src/ros2_robot_package) by extensions ['colcon_pkg']
[1.401s] Level 1:colcon.colcon_core.package_identification:_identify(src/ros2_robot_package) by extension 'colcon_pkg'
[1.401s] Level 1:colcon.colcon_core.package_identification:_identify(src/ros2_robot_package) by extensions ['colcon_meta']
[1.401s] Level 1:colcon.colcon_core.package_identification:_identify(src/ros2_robot_package) by extension 'colcon_meta'
[1.401s] Level 1:colcon.colcon_core.package_identification:_identify(src/ros2_robot_package) by extensions ['ros']
[1.401s] Level 1:colcon.colcon_core.package_identification:_identify(src/ros2_robot_package) by extension 'ros'
[1.402s] Level 1:colcon.colcon_core.package_identification:_identify(src/ros2_robot_package) by extensions ['cmake', 'python']
[1.402s] Level 1:colcon.colcon_core.package_identification:_identify(src/ros2_robot_package) by extension 'cmake'
[1.402s] Level 1:colcon.colcon_core.package_identification:_identify(src/ros2_robot_package) by extension 'python'
[1.402s] Level 1:colcon.colcon_core.package_identification:_identify(src/ros2_robot_package) by extensions ['python_setup_py']
[1.402s] Level 1:colcon.colcon_core.package_identification:_identify(src/ros2_robot_package) by extension 'python_setup_py'
[1.403s] Level 1:colcon.colcon_core.package_identification:_identify(src/ros2_robot_package/launch) by extensions ['ignore', 'ignore_ament_install']
[1.403s] Level 1:colcon.colcon_core.package_identification:_identify(src/ros2_robot_package/launch) by extension 'ignore'
[1.403s] Level 1:colcon.colcon_core.package_identification:_identify(src/ros2_robot_package/launch) by extension 'ignore_ament_install'
[1.403s] Level 1:colcon.colcon_core.package_identification:_identify(src/ros2_robot_package/launch) by extensions ['colcon_pkg']
[1.404s] Level 1:colcon.colcon_core.package_identification:_identify(src/ros2_robot_package/launch) by extension 'colcon_pkg'
[1.404s] Level 1:colcon.colcon_core.package_identification:_identify(src/ros2_robot_package/launch) by extensions ['colcon_meta']
[1.404s] Level 1:colcon.colcon_core.package_identification:_identify(src/ros2_robot_package/launch) by extension 'colcon_meta'
[1.404s] Level 1:colcon.colcon_core.package_identification:_identify(src/ros2_robot_package/launch) by extensions ['ros']
[1.404s] Level 1:colcon.colcon_core.package_identification:_identify(src/ros2_robot_package/launch) by extension 'ros'
[1.405s] Level 1:colcon.colcon_core.package_identification:_identify(src/ros2_robot_package/launch) by extensions ['cmake', 'python']
[1.405s] Level 1:colcon.colcon_core.package_identification:_identify(src/ros2_robot_package/launch) by extension 'cmake'
[1.405s] Level 1:colcon.colcon_core.package_identification:_identify(src/ros2_robot_package/launch) by extension 'python'
[1.405s] Level 1:colcon.colcon_core.package_identification:_identify(src/ros2_robot_package/launch) by extensions ['python_setup_py']
[1.405s] Level 1:colcon.colcon_core.package_identification:_identify(src/ros2_robot_package/launch) by extension 'python_setup_py'
[1.406s] Level 1:colcon.colcon_core.package_identification:_identify(src/ros2_robot_package/ros2_robot_package) by extensions ['ignore', 'ignore_ament_install']
[1.406s] Level 1:colcon.colcon_core.package_identification:_identify(src/ros2_robot_package/ros2_robot_package) by extension 'ignore'
[1.406s] Level 1:colcon.colcon_core.package_identification:_identify(src/ros2_robot_package/ros2_robot_package) by extension 'ignore_ament_install'
[1.406s] Level 1:colcon.colcon_core.package_identification:_identify(src/ros2_robot_package/ros2_robot_package) by extensions ['colcon_pkg']
[1.406s] Level 1:colcon.colcon_core.package_identification:_identify(src/ros2_robot_package/ros2_robot_package) by extension 'colcon_pkg'
[1.407s] Level 1:colcon.colcon_core.package_identification:_identify(src/ros2_robot_package/ros2_robot_package) by extensions ['colcon_meta']
[1.407s] Level 1:colcon.colcon_core.package_identification:_identify(src/ros2_robot_package/ros2_robot_package) by extension 'colcon_meta'
[1.407s] Level 1:colcon.colcon_core.package_identification:_identify(src/ros2_robot_package/ros2_robot_package) by extensions ['ros']
[1.407s] Level 1:colcon.colcon_core.package_identification:_identify(src/ros2_robot_package/ros2_robot_package) by extension 'ros'
[1.415s] DEBUG:colcon.colcon_core.package_identification:Package 'src/ros2_robot_package/ros2_robot_package' with type 'ros.ament_python' and name 'ros2_robot_package'
[1.416s] Level 1:colcon.colcon_core.package_discovery:discover_packages(recursive) using defaults
[1.416s] Level 1:colcon.colcon_core.package_discovery:discover_packages(ignore) discover
[1.416s] Level 1:colcon.colcon_core.package_discovery:discover_packages(ignore) using defaults
[1.416s] Level 1:colcon.colcon_core.package_discovery:discover_packages(path) discover
[1.416s] Level 1:colcon.colcon_core.package_discovery:discover_packages(path) using defaults
[1.493s] Level 1:colcon.colcon_core.package_discovery:discover_packages(prefix_path) check parameters
[1.494s] Level 1:colcon.colcon_core.package_discovery:discover_packages(prefix_path) discover
[1.502s] DEBUG:colcon.colcon_installed_package_information.package_discovery:Found 1 installed packages in /home/pi/ros2_ws/install
[1.511s] DEBUG:colcon.colcon_installed_package_information.package_discovery:Found 271 installed packages in /opt/ros/humble
[1.558s] Level 1:colcon.colcon_core.package_discovery:discover_packages(prefix_path) using defaults
[1.724s] Level 5:colcon.colcon_core.verb:set package 'ros2_robot_package' build argument 'cmake_args' from command line to 'None'
[1.724s] Level 5:colcon.colcon_core.verb:set package 'ros2_robot_package' build argument 'cmake_target' from command line to 'None'
[1.724s] Level 5:colcon.colcon_core.verb:set package 'ros2_robot_package' build argument 'cmake_target_skip_unavailable' from command line to 'False'
[1.724s] Level 5:colcon.colcon_core.verb:set package 'ros2_robot_package' build argument 'cmake_clean_cache' from command line to 'False'
[1.724s] Level 5:colcon.colcon_core.verb:set package 'ros2_robot_package' build argument 'cmake_clean_first' from command line to 'False'
[1.724s] Level 5:colcon.colcon_core.verb:set package 'ros2_robot_package' build argument 'cmake_force_configure' from command line to 'False'
[1.724s] Level 5:colcon.colcon_core.verb:set package 'ros2_robot_package' build argument 'ament_cmake_args' from command line to 'None'
[1.725s] Level 5:colcon.colcon_core.verb:set package 'ros2_robot_package' build argument 'catkin_cmake_args' from command line to 'None'
[1.725s] Level 5:colcon.colcon_core.verb:set package 'ros2_robot_package' build argument 'catkin_skip_building_tests' from command line to 'False'
[1.725s] DEBUG:colcon.colcon_core.verb:Building package 'ros2_robot_package' with the following arguments: {'ament_cmake_args': None, 'build_base': '/home/pi/ros2_ws/build/ros2_robot_package', 'catkin_cmake_args': None, 'catkin_skip_building_tests': False, 'cmake_args': None, 'cmake_clean_cache': False, 'cmake_clean_first': False, 'cmake_force_configure': False, 'cmake_target': None, 'cmake_target_skip_unavailable': False, 'install_base': '/home/pi/ros2_ws/install/ros2_robot_package', 'merge_install': False, 'path': '/home/pi/ros2_ws/src/ros2_robot_package/ros2_robot_package', 'symlink_install': False, 'test_result_base': None}
[1.725s] INFO:colcon.colcon_core.executor:Executing jobs using 'parallel' executor
[1.729s] DEBUG:colcon.colcon_parallel_executor.executor.parallel:run_until_complete
[1.730s] INFO:colcon.colcon_ros.task.ament_python.build:Building ROS package in '/home/pi/ros2_ws/src/ros2_robot_package/ros2_robot_package' with build type 'ament_python'
[1.730s] Level 1:colcon.colcon_core.shell:create_environment_hook('ros2_robot_package', 'ament_prefix_path')
[1.739s] INFO:colcon.colcon_core.plugin_system:Skipping extension 'colcon_core.shell.bat': Not used on non-Windows systems
[1.740s] INFO:colcon.colcon_core.shell:Creating environment hook '/home/pi/ros2_ws/install/ros2_robot_package/share/ros2_robot_package/hook/ament_prefix_path.ps1'
[1.743s] INFO:colcon.colcon_core.shell:Creating environment descriptor '/home/pi/ros2_ws/install/ros2_robot_package/share/ros2_robot_package/hook/ament_prefix_path.dsv'
[1.745s] INFO:colcon.colcon_core.shell:Creating environment hook '/home/pi/ros2_ws/install/ros2_robot_package/share/ros2_robot_package/hook/ament_prefix_path.sh'
[1.749s] INFO:colcon.colcon_core.shell:Skip shell extension 'powershell' for command environment: Not usable outside of PowerShell
[1.749s] DEBUG:colcon.colcon_core.shell:Skip shell extension 'dsv' for command environment
[3.045s] INFO:colcon.colcon_core.task.python.build:Building Python package in '/home/pi/ros2_ws/src/ros2_robot_package/ros2_robot_package'
[3.046s] INFO:colcon.colcon_core.shell:Skip shell extension 'powershell' for command environment: Not usable outside of PowerShell
[3.046s] DEBUG:colcon.colcon_core.shell:Skip shell extension 'dsv' for command environment
[4.721s] DEBUG:colcon.colcon_core.event_handler.log_command:Invoking command in '/home/pi/ros2_ws/src/ros2_robot_package/ros2_robot_package': PYTHONPATH=/home/pi/ros2_ws/build/ros2_robot_package/prefix_override:/usr/lib/python3/dist-packages/colcon_core/task/python/colcon_distutils_commands:/home/pi/ros2_ws/install/ros2_robot_package/lib/python3.10/site-packages:${PYTHONPATH} /usr/bin/python3 -W ignore:setup.py install is deprecated setup.py egg_info --egg-base ../../../build/ros2_robot_package build --build-base /home/pi/ros2_ws/build/ros2_robot_package/build install --record /home/pi/ros2_ws/build/ros2_robot_package/install.log --single-version-externally-managed install_data
[6.141s] DEBUG:colcon.colcon_core.event_handler.log_command:Invoked command in '/home/pi/ros2_ws/src/ros2_robot_package/ros2_robot_package' returned '0': PYTHONPATH=/home/pi/ros2_ws/build/ros2_robot_package/prefix_override:/usr/lib/python3/dist-packages/colcon_core/task/python/colcon_distutils_commands:/home/pi/ros2_ws/install/ros2_robot_package/lib/python3.10/site-packages:${PYTHONPATH} /usr/bin/python3 -W ignore:setup.py install is deprecated setup.py egg_info --egg-base ../../../build/ros2_robot_package build --build-base /home/pi/ros2_ws/build/ros2_robot_package/build install --record /home/pi/ros2_ws/build/ros2_robot_package/install.log --single-version-externally-managed install_data
[6.152s] Level 1:colcon.colcon_core.environment:checking '/home/pi/ros2_ws/install/ros2_robot_package' for CMake module files
[6.155s] Level 1:colcon.colcon_core.environment:checking '/home/pi/ros2_ws/install/ros2_robot_package' for CMake config files
[6.160s] Level 1:colcon.colcon_core.environment:checking '/home/pi/ros2_ws/install/ros2_robot_package/lib'
[6.160s] Level 1:colcon.colcon_core.environment:checking '/home/pi/ros2_ws/install/ros2_robot_package/bin'
[6.161s] Level 1:colcon.colcon_core.environment:checking '/home/pi/ros2_ws/install/ros2_robot_package/lib/pkgconfig/ros2_robot_package.pc'
[6.161s] Level 1:colcon.colcon_core.environment:checking '/home/pi/ros2_ws/install/ros2_robot_package/lib/python3.10/site-packages'
[6.162s] Level 1:colcon.colcon_core.shell:create_environment_hook('ros2_robot_package', 'pythonpath')
[6.163s] INFO:colcon.colcon_core.shell:Creating environment hook '/home/pi/ros2_ws/install/ros2_robot_package/share/ros2_robot_package/hook/pythonpath.ps1'
[6.165s] INFO:colcon.colcon_core.shell:Creating environment descriptor '/home/pi/ros2_ws/install/ros2_robot_package/share/ros2_robot_package/hook/pythonpath.dsv'
[6.166s] INFO:colcon.colcon_core.shell:Creating environment hook '/home/pi/ros2_ws/install/ros2_robot_package/share/ros2_robot_package/hook/pythonpath.sh'
[6.169s] Level 1:colcon.colcon_core.environment:checking '/home/pi/ros2_ws/install/ros2_robot_package/bin'
[6.169s] Level 1:colcon.colcon_core.environment:create_environment_scripts_only(ros2_robot_package)
[6.170s] INFO:colcon.colcon_core.shell:Creating package script '/home/pi/ros2_ws/install/ros2_robot_package/share/ros2_robot_package/package.ps1'
[6.174s] INFO:colcon.colcon_core.shell:Creating package descriptor '/home/pi/ros2_ws/install/ros2_robot_package/share/ros2_robot_package/package.dsv'
[6.176s] INFO:colcon.colcon_core.shell:Creating package script '/home/pi/ros2_ws/install/ros2_robot_package/share/ros2_robot_package/package.sh'
[6.180s] INFO:colcon.colcon_core.shell:Creating package script '/home/pi/ros2_ws/install/ros2_robot_package/share/ros2_robot_package/package.bash'
[6.183s] INFO:colcon.colcon_core.shell:Creating package script '/home/pi/ros2_ws/install/ros2_robot_package/share/ros2_robot_package/package.zsh'
[6.185s] Level 1:colcon.colcon_core.environment:create_file_with_runtime_dependencies(/home/pi/ros2_ws/install/ros2_robot_package/share/colcon-core/packages/ros2_robot_package)
[6.187s] DEBUG:colcon.colcon_parallel_executor.executor.parallel:closing loop
[6.188s] DEBUG:colcon.colcon_parallel_executor.executor.parallel:loop closed
[6.188s] DEBUG:colcon.colcon_parallel_executor.executor.parallel:run_until_complete finished with '0'
[6.188s] DEBUG:colcon.colcon_core.event_reactor:joining thread
[6.209s] INFO:colcon.colcon_core.plugin_system:Skipping extension 'colcon_notification.desktop_notification.notify_send': Could not find 'notify-send'
[6.210s] INFO:colcon.colcon_core.plugin_system:Skipping extension 'colcon_notification.desktop_notification.terminal_notifier': Not used on non-Darwin systems
[6.210s] INFO:colcon.colcon_core.plugin_system:Skipping extension 'colcon_notification.desktop_notification.win32': Not used on non-Windows systems
[6.211s] INFO:colcon.colcon_notification.desktop_notification:Sending desktop notification using 'notify2'
[6.214s] DEBUG:colcon.colcon_notification.desktop_notification.notify2:Failed to initialize notify2: org.freedesktop.DBus.Error.ServiceUnknown: The name org.freedesktop.Notifications was not provided by any .service files
[6.215s] DEBUG:colcon.colcon_core.event_reactor:joined thread
[6.216s] INFO:colcon.colcon_core.shell:Creating prefix script '/home/pi/ros2_ws/install/local_setup.ps1'
[6.219s] INFO:colcon.colcon_core.shell:Creating prefix util module '/home/pi/ros2_ws/install/_local_setup_util_ps1.py'
[6.225s] INFO:colcon.colcon_core.shell:Creating prefix chain script '/home/pi/ros2_ws/install/setup.ps1'
[6.230s] INFO:colcon.colcon_core.shell:Creating prefix script '/home/pi/ros2_ws/install/local_setup.sh'
[6.232s] INFO:colcon.colcon_core.shell:Creating prefix util module '/home/pi/ros2_ws/install/_local_setup_util_sh.py'
[6.235s] INFO:colcon.colcon_core.shell:Creating prefix chain script '/home/pi/ros2_ws/install/setup.sh'
[6.239s] INFO:colcon.colcon_core.shell:Creating prefix script '/home/pi/ros2_ws/install/local_setup.bash'
[6.241s] INFO:colcon.colcon_core.shell:Creating prefix chain script '/home/pi/ros2_ws/install/setup.bash'
[6.247s] INFO:colcon.colcon_core.shell:Creating prefix script '/home/pi/ros2_ws/install/local_setup.zsh'
[6.249s] INFO:colcon.colcon_core.shell:Creating prefix chain script '/home/pi/ros2_ws/install/setup.zsh'
