[3.237s] Invoking command in '/home/pi/ROS2-SLAM-PROJECT/ros2_ws/src/my_robot_controller': PYTHONPATH=/home/pi/ROS2-SLAM-PROJECT/ros2_ws/build/my_robot_controller/prefix_override:/usr/lib/python3/dist-packages/colcon_core/task/python/colcon_distutils_commands:/home/pi/ROS2-SLAM-PROJECT/ros2_ws/install/my_robot_controller/lib/python3.10/site-packages:${PYTHONPATH} /usr/bin/python3 -W ignore:setup.py install is deprecated setup.py egg_info --egg-base ../../build/my_robot_controller build --build-base /home/pi/ROS2-SLAM-PROJECT/ros2_ws/build/my_robot_controller/build install --record /home/pi/ROS2-SLAM-PROJECT/ros2_ws/build/my_robot_controller/install.log --single-version-externally-managed install_data
[4.250s] running egg_info
[4.252s] creating ../../build/my_robot_controller/my_robot_controller.egg-info
[4.253s] writing ../../build/my_robot_controller/my_robot_controller.egg-info/PKG-INFO
[4.254s] writing dependency_links to ../../build/my_robot_controller/my_robot_controller.egg-info/dependency_links.txt
[4.254s] writing entry points to ../../build/my_robot_controller/my_robot_controller.egg-info/entry_points.txt
[4.255s] writing requirements to ../../build/my_robot_controller/my_robot_controller.egg-info/requires.txt
[4.255s] writing top-level names to ../../build/my_robot_controller/my_robot_controller.egg-info/top_level.txt
[4.256s] writing manifest file '../../build/my_robot_controller/my_robot_controller.egg-info/SOURCES.txt'
[4.263s] reading manifest file '../../build/my_robot_controller/my_robot_controller.egg-info/SOURCES.txt'
[4.266s] writing manifest file '../../build/my_robot_controller/my_robot_controller.egg-info/SOURCES.txt'
[4.267s] running build
[4.267s] running build_py
[4.268s] creating /home/pi/ROS2-SLAM-PROJECT/ros2_ws/build/my_robot_controller/build
[4.268s] creating /home/pi/ROS2-SLAM-PROJECT/ros2_ws/build/my_robot_controller/build/lib
[4.269s] creating /home/pi/ROS2-SLAM-PROJECT/ros2_ws/build/my_robot_controller/build/lib/my_robot_controller
[4.269s] copying my_robot_controller/__init__.py -> /home/pi/ROS2-SLAM-PROJECT/ros2_ws/build/my_robot_controller/build/lib/my_robot_controller
[4.270s] running install
[4.271s] running install_lib
[4.274s] creating /home/pi/ROS2-SLAM-PROJECT/ros2_ws/install/my_robot_controller/lib/python3.10/site-packages/my_robot_controller
[4.274s] copying /home/pi/ROS2-SLAM-PROJECT/ros2_ws/build/my_robot_controller/build/lib/my_robot_controller/__init__.py -> /home/pi/ROS2-SLAM-PROJECT/ros2_ws/install/my_robot_controller/lib/python3.10/site-packages/my_robot_controller
[4.277s] byte-compiling /home/pi/ROS2-SLAM-PROJECT/ros2_ws/install/my_robot_controller/lib/python3.10/site-packages/my_robot_controller/__init__.py to __init__.cpython-310.pyc
[4.278s] running install_data
[4.279s] creating /home/pi/ROS2-SLAM-PROJECT/ros2_ws/install/my_robot_controller/share/ament_index
[4.279s] creating /home/pi/ROS2-SLAM-PROJECT/ros2_ws/install/my_robot_controller/share/ament_index/resource_index
[4.279s] creating /home/pi/ROS2-SLAM-PROJECT/ros2_ws/install/my_robot_controller/share/ament_index/resource_index/packages
[4.280s] copying resource/my_robot_controller -> /home/pi/ROS2-SLAM-PROJECT/ros2_ws/install/my_robot_controller/share/ament_index/resource_index/packages
[4.280s] copying package.xml -> /home/pi/ROS2-SLAM-PROJECT/ros2_ws/install/my_robot_controller/share/my_robot_controller
[4.281s] running install_egg_info
[4.287s] Copying ../../build/my_robot_controller/my_robot_controller.egg-info to /home/pi/ROS2-SLAM-PROJECT/ros2_ws/install/my_robot_controller/lib/python3.10/site-packages/my_robot_controller-0.0.0-py3.10.egg-info
[4.293s] running install_scripts
[4.370s] writing list of installed files to '/home/pi/ROS2-SLAM-PROJECT/ros2_ws/build/my_robot_controller/install.log'
[4.484s] Invoked command in '/home/pi/ROS2-SLAM-PROJECT/ros2_ws/src/my_robot_controller' returned '0': PYTHONPATH=/home/pi/ROS2-SLAM-PROJECT/ros2_ws/build/my_robot_controller/prefix_override:/usr/lib/python3/dist-packages/colcon_core/task/python/colcon_distutils_commands:/home/pi/ROS2-SLAM-PROJECT/ros2_ws/install/my_robot_controller/lib/python3.10/site-packages:${PYTHONPATH} /usr/bin/python3 -W ignore:setup.py install is deprecated setup.py egg_info --egg-base ../../build/my_robot_controller build --build-base /home/pi/ROS2-SLAM-PROJECT/ros2_ws/build/my_robot_controller/build install --record /home/pi/ROS2-SLAM-PROJECT/ros2_ws/build/my_robot_controller/install.log --single-version-externally-managed install_data
