[2.850s] Invoking command in '/home/pi/ROS2-SLAM-PROJECT/ros2_ws/src/my_robot_controller': PYTHONPATH=/home/pi/ROS2-SLAM-PROJECT/ros2_ws/build/my_robot_controller/prefix_override:/usr/lib/python3/dist-packages/colcon_core/task/python/colcon_distutils_commands:/home/pi/ROS2-SLAM-PROJECT/ros2_ws/install/my_robot_controller/lib/python3.10/site-packages:${PYTHONPATH} /usr/bin/python3 -W ignore:setup.py install is deprecated setup.py egg_info --egg-base ../../build/my_robot_controller build --build-base /home/pi/ROS2-SLAM-PROJECT/ros2_ws/build/my_robot_controller/build install --record /home/pi/ROS2-SLAM-PROJECT/ros2_ws/build/my_robot_controller/install.log --single-version-externally-managed install_data
[3.966s] running egg_info
[3.969s] writing ../../build/my_robot_controller/my_robot_controller.egg-info/PKG-INFO
[3.970s] writing dependency_links to ../../build/my_robot_controller/my_robot_controller.egg-info/dependency_links.txt
[3.971s] writing entry points to ../../build/my_robot_controller/my_robot_controller.egg-info/entry_points.txt
[3.972s] writing requirements to ../../build/my_robot_controller/my_robot_controller.egg-info/requires.txt
[3.973s] writing top-level names to ../../build/my_robot_controller/my_robot_controller.egg-info/top_level.txt
[3.981s] reading manifest file '../../build/my_robot_controller/my_robot_controller.egg-info/SOURCES.txt'
[3.985s] writing manifest file '../../build/my_robot_controller/my_robot_controller.egg-info/SOURCES.txt'
[3.986s] running build
[3.986s] running build_py
[3.987s] copying my_robot_controller/toggle_gpio.py -> /home/pi/ROS2-SLAM-PROJECT/ros2_ws/build/my_robot_controller/build/lib/my_robot_controller
[3.989s] running install
[3.990s] running install_lib
[3.994s] copying /home/pi/ROS2-SLAM-PROJECT/ros2_ws/build/my_robot_controller/build/lib/my_robot_controller/toggle_gpio.py -> /home/pi/ROS2-SLAM-PROJECT/ros2_ws/install/my_robot_controller/lib/python3.10/site-packages/my_robot_controller
[3.996s] byte-compiling /home/pi/ROS2-SLAM-PROJECT/ros2_ws/install/my_robot_controller/lib/python3.10/site-packages/my_robot_controller/toggle_gpio.py to toggle_gpio.cpython-310.pyc
[4.000s] running install_data
[4.001s] running install_egg_info
[4.007s] removing '/home/pi/ROS2-SLAM-PROJECT/ros2_ws/install/my_robot_controller/lib/python3.10/site-packages/my_robot_controller-0.0.0-py3.10.egg-info' (and everything under it)
[4.009s] Copying ../../build/my_robot_controller/my_robot_controller.egg-info to /home/pi/ROS2-SLAM-PROJECT/ros2_ws/install/my_robot_controller/lib/python3.10/site-packages/my_robot_controller-0.0.0-py3.10.egg-info
[4.015s] running install_scripts
[4.095s] Installing test_node script to /home/pi/ROS2-SLAM-PROJECT/ros2_ws/install/my_robot_controller/lib/my_robot_controller
[4.096s] Installing toggle_gpio script to /home/pi/ROS2-SLAM-PROJECT/ros2_ws/install/my_robot_controller/lib/my_robot_controller
[4.098s] writing list of installed files to '/home/pi/ROS2-SLAM-PROJECT/ros2_ws/build/my_robot_controller/install.log'
[4.219s] Invoked command in '/home/pi/ROS2-SLAM-PROJECT/ros2_ws/src/my_robot_controller' returned '0': PYTHONPATH=/home/pi/ROS2-SLAM-PROJECT/ros2_ws/build/my_robot_controller/prefix_override:/usr/lib/python3/dist-packages/colcon_core/task/python/colcon_distutils_commands:/home/pi/ROS2-SLAM-PROJECT/ros2_ws/install/my_robot_controller/lib/python3.10/site-packages:${PYTHONPATH} /usr/bin/python3 -W ignore:setup.py install is deprecated setup.py egg_info --egg-base ../../build/my_robot_controller build --build-base /home/pi/ROS2-SLAM-PROJECT/ros2_ws/build/my_robot_controller/build install --record /home/pi/ROS2-SLAM-PROJECT/ros2_ws/build/my_robot_controller/install.log --single-version-externally-managed install_data
