[2.985s] Invoking command in '/home/pi/ros2_ws/src/ros2_robot_package/ros2_robot_package': PYTHONPATH=/home/pi/ros2_ws/build/ros2_robot_package/prefix_override:/usr/lib/python3/dist-packages/colcon_core/task/python/colcon_distutils_commands:/home/pi/ros2_ws/install/ros2_robot_package/lib/python3.10/site-packages:${PYTHONPATH} /usr/bin/python3 -W ignore:setup.py install is deprecated setup.py egg_info --egg-base ../../../build/ros2_robot_package build --build-base /home/pi/ros2_ws/build/ros2_robot_package/build install --record /home/pi/ros2_ws/build/ros2_robot_package/install.log --single-version-externally-managed install_data
[4.154s] running egg_info
[4.157s] writing ../../../build/ros2_robot_package/ros2_robot_package.egg-info/PKG-INFO
[4.158s] writing dependency_links to ../../../build/ros2_robot_package/ros2_robot_package.egg-info/dependency_links.txt
[4.159s] writing entry points to ../../../build/ros2_robot_package/ros2_robot_package.egg-info/entry_points.txt
[4.160s] writing requirements to ../../../build/ros2_robot_package/ros2_robot_package.egg-info/requires.txt
[4.160s] writing top-level names to ../../../build/ros2_robot_package/ros2_robot_package.egg-info/top_level.txt
[4.169s] reading manifest file '../../../build/ros2_robot_package/ros2_robot_package.egg-info/SOURCES.txt'
[4.172s] writing manifest file '../../../build/ros2_robot_package/ros2_robot_package.egg-info/SOURCES.txt'
[4.173s] running build
[4.173s] running build_py
[4.176s] running install
[4.177s] running install_lib
[4.184s] running install_data
[4.184s] running install_egg_info
[4.191s] removing '/home/pi/ros2_ws/install/ros2_robot_package/lib/python3.10/site-packages/ros2_robot_package-0.0.0-py3.10.egg-info' (and everything under it)
[4.193s] Copying ../../../build/ros2_robot_package/ros2_robot_package.egg-info to /home/pi/ros2_ws/install/ros2_robot_package/lib/python3.10/site-packages/ros2_robot_package-0.0.0-py3.10.egg-info
[4.199s] running install_scripts
[4.280s] Installing camera_publisher script to /home/pi/ros2_ws/install/ros2_robot_package/lib/ros2_robot_package
[4.281s] Installing encoder_publisher script to /home/pi/ros2_ws/install/ros2_robot_package/lib/ros2_robot_package
[4.282s] Installing motor_control script to /home/pi/ros2_ws/install/ros2_robot_package/lib/ros2_robot_package
[4.282s] Installing velocity_computation script to /home/pi/ros2_ws/install/ros2_robot_package/lib/ros2_robot_package
[4.285s] writing list of installed files to '/home/pi/ros2_ws/build/ros2_robot_package/install.log'
[4.403s] Invoked command in '/home/pi/ros2_ws/src/ros2_robot_package/ros2_robot_package' returned '0': PYTHONPATH=/home/pi/ros2_ws/build/ros2_robot_package/prefix_override:/usr/lib/python3/dist-packages/colcon_core/task/python/colcon_distutils_commands:/home/pi/ros2_ws/install/ros2_robot_package/lib/python3.10/site-packages:${PYTHONPATH} /usr/bin/python3 -W ignore:setup.py install is deprecated setup.py egg_info --egg-base ../../../build/ros2_robot_package build --build-base /home/pi/ros2_ws/build/ros2_robot_package/build install --record /home/pi/ros2_ws/build/ros2_robot_package/install.log --single-version-externally-managed install_data
