running egg_info
creating ../../../build/ros2_robot_package/ros2_robot_package.egg-info
writing ../../../build/ros2_robot_package/ros2_robot_package.egg-info/PKG-INFO
writing dependency_links to ../../../build/ros2_robot_package/ros2_robot_package.egg-info/dependency_links.txt
writing entry points to ../../../build/ros2_robot_package/ros2_robot_package.egg-info/entry_points.txt
writing requirements to ../../../build/ros2_robot_package/ros2_robot_package.egg-info/requires.txt
writing top-level names to ../../../build/ros2_robot_package/ros2_robot_package.egg-info/top_level.txt
writing manifest file '../../../build/ros2_robot_package/ros2_robot_package.egg-info/SOURCES.txt'
reading manifest file '../../../build/ros2_robot_package/ros2_robot_package.egg-info/SOURCES.txt'
writing manifest file '../../../build/ros2_robot_package/ros2_robot_package.egg-info/SOURCES.txt'
running build
running build_py
creating /home/pi/ros2_ws/build/ros2_robot_package/build
creating /home/pi/ros2_ws/build/ros2_robot_package/build/lib
creating /home/pi/ros2_ws/build/ros2_robot_package/build/lib/ros2_robot_package
copying ros2_robot_package/__init__.py -> /home/pi/ros2_ws/build/ros2_robot_package/build/lib/ros2_robot_package
copying ros2_robot_package/motor_control.py -> /home/pi/ros2_ws/build/ros2_robot_package/build/lib/ros2_robot_package
copying ros2_robot_package/encoder_publisher.py -> /home/pi/ros2_ws/build/ros2_robot_package/build/lib/ros2_robot_package
copying ros2_robot_package/velocity_computation.py -> /home/pi/ros2_ws/build/ros2_robot_package/build/lib/ros2_robot_package
copying ros2_robot_package/camera_publisher.py -> /home/pi/ros2_ws/build/ros2_robot_package/build/lib/ros2_robot_package
running install
running install_lib
creating /home/pi/ros2_ws/install/ros2_robot_package/lib/python3.10/site-packages/ros2_robot_package
copying /home/pi/ros2_ws/build/ros2_robot_package/build/lib/ros2_robot_package/__init__.py -> /home/pi/ros2_ws/install/ros2_robot_package/lib/python3.10/site-packages/ros2_robot_package
copying /home/pi/ros2_ws/build/ros2_robot_package/build/lib/ros2_robot_package/motor_control.py -> /home/pi/ros2_ws/install/ros2_robot_package/lib/python3.10/site-packages/ros2_robot_package
copying /home/pi/ros2_ws/build/ros2_robot_package/build/lib/ros2_robot_package/encoder_publisher.py -> /home/pi/ros2_ws/install/ros2_robot_package/lib/python3.10/site-packages/ros2_robot_package
copying /home/pi/ros2_ws/build/ros2_robot_package/build/lib/ros2_robot_package/velocity_computation.py -> /home/pi/ros2_ws/install/ros2_robot_package/lib/python3.10/site-packages/ros2_robot_package
copying /home/pi/ros2_ws/build/ros2_robot_package/build/lib/ros2_robot_package/camera_publisher.py -> /home/pi/ros2_ws/install/ros2_robot_package/lib/python3.10/site-packages/ros2_robot_package
byte-compiling /home/pi/ros2_ws/install/ros2_robot_package/lib/python3.10/site-packages/ros2_robot_package/__init__.py to __init__.cpython-310.pyc
byte-compiling /home/pi/ros2_ws/install/ros2_robot_package/lib/python3.10/site-packages/ros2_robot_package/motor_control.py to motor_control.cpython-310.pyc
byte-compiling /home/pi/ros2_ws/install/ros2_robot_package/lib/python3.10/site-packages/ros2_robot_package/encoder_publisher.py to encoder_publisher.cpython-310.pyc
byte-compiling /home/pi/ros2_ws/install/ros2_robot_package/lib/python3.10/site-packages/ros2_robot_package/velocity_computation.py to velocity_computation.cpython-310.pyc
byte-compiling /home/pi/ros2_ws/install/ros2_robot_package/lib/python3.10/site-packages/ros2_robot_package/camera_publisher.py to camera_publisher.cpython-310.pyc
running install_data
creating /home/pi/ros2_ws/install/ros2_robot_package/share/ament_index
creating /home/pi/ros2_ws/install/ros2_robot_package/share/ament_index/resource_index
creating /home/pi/ros2_ws/install/ros2_robot_package/share/ament_index/resource_index/packages
copying resource/ros2_robot_package -> /home/pi/ros2_ws/install/ros2_robot_package/share/ament_index/resource_index/packages
copying package.xml -> /home/pi/ros2_ws/install/ros2_robot_package/share/ros2_robot_package
running install_egg_info
Copying ../../../build/ros2_robot_package/ros2_robot_package.egg-info to /home/pi/ros2_ws/install/ros2_robot_package/lib/python3.10/site-packages/ros2_robot_package-0.0.0-py3.10.egg-info
running install_scripts
Installing camera_publisher script to /home/pi/ros2_ws/install/ros2_robot_package/lib/ros2_robot_package
Installing encoder_publisher script to /home/pi/ros2_ws/install/ros2_robot_package/lib/ros2_robot_package
Installing motor_control script to /home/pi/ros2_ws/install/ros2_robot_package/lib/ros2_robot_package
Installing velocity_computation script to /home/pi/ros2_ws/install/ros2_robot_package/lib/ros2_robot_package
writing list of installed files to '/home/pi/ros2_ws/build/ros2_robot_package/install.log'
